<?xml version="1.0" encoding="UTF-8"?>
<!-- Generated by org.testng.reporters.JUnitXMLReporter -->
<testsuite ignored="0" hostname="DESKTOP-LPFRVBE" failures="7" tests="87" name="Test" time="1388.605" errors="0" timestamp="2023-09-06T13:55:08 IST">
  <testcase classname="netwin.WebMathNew.HomePage" name="courosal" time="0.38"/>
  <testcase classname="netwin.WebMathNew.HomePage" name="header" time="4.82"/>
  <testcase classname="netwin.WebMathNew.HomePage" name="searchInput" time="0.134">
    <failure type="java.lang.IllegalArgumentException" message="Keys to send should be a not null CharSequence">
      <![CDATA[java.lang.IllegalArgumentException: Keys to send should be a not null CharSequence
at org.openqa.selenium.remote.RemoteWebElement.sendKeys(RemoteWebElement.java:98)
at netwin.WebMathNew.HomePage.searchInput(HomePage.java:56)
at java.base/java.util.ArrayList.forEach(ArrayList.java:1511)
... Removed 27 stack frames]]>
    </failure>
  </testcase> <!-- searchInput -->
  <testcase classname="netwin.WebMathNew.HomePage" name="searchInput" time="5.314"/>
  <testcase classname="netwin.WebMathNew.HomePage" name="searchInput" time="4.408"/>
  <testcase classname="netwin.WebMathNew.HomePage" name="searchInput" time="3.768"/>
  <testcase classname="netwin.WebMathNew.HomePage" name="searchInput" time="3.809"/>
  <testcase classname="netwin.WebMathNew.HomePage" name="searchInput" time="4.747"/>
  <testcase classname="netwin.WebMathNew.HomePage" name="searchInput" time="5.551"/>
  <testcase classname="netwin.WebMathNew.HomePage" name="searchInput" time="3.881"/>
  <testcase classname="netwin.WebMathNew.HomePage" name="searchInput" time="4.3"/>
  <testcase classname="netwin.WebMathNew.HomePage" name="header2" time="3.492"/>
  <testcase classname="netwin.WebMathNew.HomePage" name="homeNews" time="3.866"/>
  <testcase classname="netwin.WebMathNew.HomePage" name="homeEvent" time="4.347"/>
  <testcase classname="netwin.WebMathNew.HomePage" name="homeServices" time="1.575"/>
  <testcase classname="netwin.WebMathNew.HomePage" name="recentNews" time="2.433"/>
  <testcase classname="netwin.WebMathNew.HomePage" name="sponsers" time="30.432">
    <failure type="org.openqa.selenium.ElementNotInteractableException" message="element not interactable
  (Session info: chrome=116.0.5845.141)
Build info: version: &amp;apos;4.8.2&amp;apos;, revision: &amp;apos;826dbfc730&amp;apos;
System info: os.name: &amp;apos;Windows 10&amp;apos;, os.arch: &amp;apos;amd64&amp;apos;, os.version: &amp;apos;10.0&amp;apos;, java.version: &amp;apos;17.0.8&amp;apos;
Driver info: org.openqa.selenium.chrome.ChromeDriver
Command: [c73d579a9af6993002f74ca7ef108fa1, clickElement {id=9A0D3F51131E5710DF610310CA0F9098_element_88}]
Capabilities {acceptInsecureCerts: false, browserName: chrome, browserVersion: 116.0.5845.141, chrome: {chromedriverVersion: 116.0.5845.96 (1a3918166880..., userDataDir: C:\Users\PRITIK~1.SOM\AppDa...}, fedcm:accounts: true, goog:chromeOptions: {debuggerAddress: localhost:51490}, networkConnectionEnabled: false, pageLoadStrategy: normal, platformName: WINDOWS, proxy: Proxy(), se:cdp: ws://localhost:51490/devtoo..., se:cdpVersion: 116.0.5845.141, setWindowRect: true, strictFileInteractability: false, timeouts: {implicit: 0, pageLoad: 300000, script: 30000}, unhandledPromptBehavior: dismiss and notify, webauthn:extension:credBlob: true, webauthn:extension:largeBlob: true, webauthn:extension:minPinLength: true, webauthn:extension:prf: true, webauthn:virtualAuthenticators: true}
Element: [[ChromeDriver: chrome on WINDOWS (c73d579a9af6993002f74ca7ef108fa1)] -&amp;gt; xpath: //*[@id=&amp;quot;wrapper&amp;quot;]/div[8]/div/div/div/div[2]/div[15]/div/div/a/img]
Session ID: c73d579a9af6993002f74ca7ef108fa1">
      <![CDATA[org.openqa.selenium.ElementNotInteractableException: element not interactable
  (Session info: chrome=116.0.5845.141)
Build info: version: '4.8.2', revision: '826dbfc730'
System info: os.name: 'Windows 10', os.arch: 'amd64', os.version: '10.0', java.version: '17.0.8'
Driver info: org.openqa.selenium.chrome.ChromeDriver
Command: [c73d579a9af6993002f74ca7ef108fa1, clickElement {id=9A0D3F51131E5710DF610310CA0F9098_element_88}]
Capabilities {acceptInsecureCerts: false, browserName: chrome, browserVersion: 116.0.5845.141, chrome: {chromedriverVersion: 116.0.5845.96 (1a3918166880..., userDataDir: C:\Users\PRITIK~1.SOM\AppDa...}, fedcm:accounts: true, goog:chromeOptions: {debuggerAddress: localhost:51490}, networkConnectionEnabled: false, pageLoadStrategy: normal, platformName: WINDOWS, proxy: Proxy(), se:cdp: ws://localhost:51490/devtoo..., se:cdpVersion: 116.0.5845.141, setWindowRect: true, strictFileInteractability: false, timeouts: {implicit: 0, pageLoad: 300000, script: 30000}, unhandledPromptBehavior: dismiss and notify, webauthn:extension:credBlob: true, webauthn:extension:largeBlob: true, webauthn:extension:minPinLength: true, webauthn:extension:prf: true, webauthn:virtualAuthenticators: true}
Element: [[ChromeDriver: chrome on WINDOWS (c73d579a9af6993002f74ca7ef108fa1)] -> xpath: //*[@id="wrapper"]/div[8]/div/div/div/div[2]/div[15]/div/div/a/img]
Session ID: c73d579a9af6993002f74ca7ef108fa1
at org.openqa.selenium.remote.codec.w3c.W3CHttpResponseCodec.createException(W3CHttpResponseCodec.java:200)
at org.openqa.selenium.remote.codec.w3c.W3CHttpResponseCodec.decode(W3CHttpResponseCodec.java:133)
at org.openqa.selenium.remote.codec.w3c.W3CHttpResponseCodec.decode(W3CHttpResponseCodec.java:53)
at org.openqa.selenium.remote.HttpCommandExecutor.execute(HttpCommandExecutor.java:193)
at org.openqa.selenium.remote.service.DriverCommandExecutor.invokeExecute(DriverCommandExecutor.java:183)
at org.openqa.selenium.remote.service.DriverCommandExecutor.execute(DriverCommandExecutor.java:158)
at org.openqa.selenium.remote.RemoteWebDriver.execute(RemoteWebDriver.java:543)
at org.openqa.selenium.remote.RemoteWebElement.execute(RemoteWebElement.java:257)
at org.openqa.selenium.remote.RemoteWebElement.click(RemoteWebElement.java:78)
at netwin.WebMathNew.HomePage.sponsers(HomePage.java:117)
at java.base/java.util.ArrayList.forEach(ArrayList.java:1511)
... Removed 32 stack frames]]>
    </failure>
  </testcase> <!-- sponsers -->
  <testcase classname="netwin.WebMathNew.VolunteerPage" name="volunteer_info" time="31.282">
    <failure type="org.openqa.selenium.ElementNotInteractableException" message="element not interactable
  (Session info: chrome=116.0.5845.141)
Build info: version: &amp;apos;4.8.2&amp;apos;, revision: &amp;apos;826dbfc730&amp;apos;
System info: os.name: &amp;apos;Windows 10&amp;apos;, os.arch: &amp;apos;amd64&amp;apos;, os.version: &amp;apos;10.0&amp;apos;, java.version: &amp;apos;17.0.8&amp;apos;
Driver info: org.openqa.selenium.chrome.ChromeDriver
Command: [b0d8b779890c7d6ac78fe4ad26f64cf8, clickElement {id=3C965A4C148B17EACA1A590C4002941C_element_87}]
Capabilities {acceptInsecureCerts: false, browserName: chrome, browserVersion: 116.0.5845.141, chrome: {chromedriverVersion: 116.0.5845.96 (1a3918166880..., userDataDir: C:\Users\PRITIK~1.SOM\AppDa...}, fedcm:accounts: true, goog:chromeOptions: {debuggerAddress: localhost:51566}, networkConnectionEnabled: false, pageLoadStrategy: normal, platformName: WINDOWS, proxy: Proxy(), se:cdp: ws://localhost:51566/devtoo..., se:cdpVersion: 116.0.5845.141, setWindowRect: true, strictFileInteractability: false, timeouts: {implicit: 0, pageLoad: 300000, script: 30000}, unhandledPromptBehavior: dismiss and notify, webauthn:extension:credBlob: true, webauthn:extension:largeBlob: true, webauthn:extension:minPinLength: true, webauthn:extension:prf: true, webauthn:virtualAuthenticators: true}
Element: [[ChromeDriver: chrome on WINDOWS (b0d8b779890c7d6ac78fe4ad26f64cf8)] -&amp;gt; xpath: //*[@id=&amp;quot;menu-item-296&amp;quot;]]
Session ID: b0d8b779890c7d6ac78fe4ad26f64cf8">
      <![CDATA[org.openqa.selenium.ElementNotInteractableException: element not interactable
  (Session info: chrome=116.0.5845.141)
Build info: version: '4.8.2', revision: '826dbfc730'
System info: os.name: 'Windows 10', os.arch: 'amd64', os.version: '10.0', java.version: '17.0.8'
Driver info: org.openqa.selenium.chrome.ChromeDriver
Command: [b0d8b779890c7d6ac78fe4ad26f64cf8, clickElement {id=3C965A4C148B17EACA1A590C4002941C_element_87}]
Capabilities {acceptInsecureCerts: false, browserName: chrome, browserVersion: 116.0.5845.141, chrome: {chromedriverVersion: 116.0.5845.96 (1a3918166880..., userDataDir: C:\Users\PRITIK~1.SOM\AppDa...}, fedcm:accounts: true, goog:chromeOptions: {debuggerAddress: localhost:51566}, networkConnectionEnabled: false, pageLoadStrategy: normal, platformName: WINDOWS, proxy: Proxy(), se:cdp: ws://localhost:51566/devtoo..., se:cdpVersion: 116.0.5845.141, setWindowRect: true, strictFileInteractability: false, timeouts: {implicit: 0, pageLoad: 300000, script: 30000}, unhandledPromptBehavior: dismiss and notify, webauthn:extension:credBlob: true, webauthn:extension:largeBlob: true, webauthn:extension:minPinLength: true, webauthn:extension:prf: true, webauthn:virtualAuthenticators: true}
Element: [[ChromeDriver: chrome on WINDOWS (b0d8b779890c7d6ac78fe4ad26f64cf8)] -> xpath: //*[@id="menu-item-296"]]
Session ID: b0d8b779890c7d6ac78fe4ad26f64cf8
at org.openqa.selenium.remote.codec.w3c.W3CHttpResponseCodec.createException(W3CHttpResponseCodec.java:200)
at org.openqa.selenium.remote.codec.w3c.W3CHttpResponseCodec.decode(W3CHttpResponseCodec.java:133)
at org.openqa.selenium.remote.codec.w3c.W3CHttpResponseCodec.decode(W3CHttpResponseCodec.java:53)
at org.openqa.selenium.remote.HttpCommandExecutor.execute(HttpCommandExecutor.java:193)
at org.openqa.selenium.remote.service.DriverCommandExecutor.invokeExecute(DriverCommandExecutor.java:183)
at org.openqa.selenium.remote.service.DriverCommandExecutor.execute(DriverCommandExecutor.java:158)
at org.openqa.selenium.remote.RemoteWebDriver.execute(RemoteWebDriver.java:543)
at org.openqa.selenium.remote.RemoteWebElement.execute(RemoteWebElement.java:257)
at org.openqa.selenium.remote.RemoteWebElement.click(RemoteWebElement.java:78)
at netwin.WebMathNew.VolunteerPage.volunteer_info(VolunteerPage.java:46)
at java.base/java.util.ArrayList.forEach(ArrayList.java:1511)
... Removed 32 stack frames]]>
    </failure>
  </testcase> <!-- volunteer_info -->
  <testcase classname="netwin.WebMathNew.VolunteerPage" name="volunteer_tle" time="2.65"/>
  <testcase classname="netwin.WebMathNew.VolunteerPage" name="volunteer_pos" time="3.091"/>
  <testcase classname="netwin.WebMathNew.VolunteerPage" name="volunteer_tutoring" time="2.769"/>
  <testcase classname="netwin.WebMathNew.VolunteerPage" name="volunteer_training" time="2.889">
    <failure type="java.lang.IllegalArgumentException" message="Keys to send should be a not null CharSequence">
      <![CDATA[java.lang.IllegalArgumentException: Keys to send should be a not null CharSequence
at org.openqa.selenium.remote.RemoteWebElement.sendKeys(RemoteWebElement.java:98)
at netwin.WebMathNew.VolunteerPage.volunteer_training(VolunteerPage.java:75)
at java.base/java.util.ArrayList.forEach(ArrayList.java:1511)
... Removed 27 stack frames]]>
    </failure>
  </testcase> <!-- volunteer_training -->
  <testcase classname="netwin.WebMathNew.VolunteerPage" name="volunteer_training" time="3.746"/>
  <testcase classname="netwin.WebMathNew.VolunteerPage" name="volunteer_training" time="3.303"/>
  <testcase classname="netwin.WebMathNew.VolunteerPage" name="volunteer_training" time="3.462"/>
  <testcase classname="netwin.WebMathNew.VolunteerPage" name="volunteer_training" time="3.124"/>
  <testcase classname="netwin.WebMathNew.VolunteerPage" name="volunteer_training" time="3.536"/>
  <testcase classname="netwin.WebMathNew.VolunteerPage" name="volunteer_training" time="3.611"/>
  <testcase classname="netwin.WebMathNew.VolunteerPage" name="volunteer_training" time="3.38"/>
  <testcase classname="netwin.WebMathNew.VolunteerPage" name="volunteer_training" time="3.222"/>
  <testcase classname="netwin.WebMathNew.VolunteerPage" name="volunteer_training" time="3.725"/>
  <testcase classname="netwin.WebMathNew.VolunteerPage" name="volunteer_training" time="3.858"/>
  <testcase classname="netwin.WebMathNew.VolunteerPage" name="volunteer_services" time="3.038"/>
  <testcase classname="netwin.WebMathNew.VolunteerPage" name="volunteer_opportuniy" time="2.863"/>
  <testcase classname="netwin.WebMathNew.VolunteerPage" name="want_to_be_vl" time="1.911">
    <failure type="java.lang.IllegalArgumentException" message="Keys to send should be a not null CharSequence">
      <![CDATA[java.lang.IllegalArgumentException: Keys to send should be a not null CharSequence
at org.openqa.selenium.remote.RemoteWebElement.sendKeys(RemoteWebElement.java:98)
at netwin.WebMathNew.VolunteerPage.want_to_be_vl(VolunteerPage.java:100)
at java.base/java.util.ArrayList.forEach(ArrayList.java:1511)
... Removed 27 stack frames]]>
    </failure>
  </testcase> <!-- want_to_be_vl -->
  <testcase classname="netwin.WebMathNew.VolunteerPage" name="want_to_be_vl" time="3.553"/>
  <testcase classname="netwin.WebMathNew.VolunteerPage" name="want_to_be_vl" time="3.52"/>
  <testcase classname="netwin.WebMathNew.VolunteerPage" name="want_to_be_vl" time="3.293"/>
  <testcase classname="netwin.WebMathNew.VolunteerPage" name="want_to_be_vl" time="3.372"/>
  <testcase classname="netwin.WebMathNew.VolunteerPage" name="want_to_be_vl" time="3.041"/>
  <testcase classname="netwin.WebMathNew.VolunteerPage" name="want_to_be_vl" time="3.451"/>
  <testcase classname="netwin.WebMathNew.VolunteerPage" name="want_to_be_vl" time="3.437"/>
  <testcase classname="netwin.WebMathNew.VolunteerPage" name="want_to_be_vl" time="3.597"/>
  <testcase classname="netwin.WebMathNew.VolunteerPage" name="want_to_be_vl" time="3.381"/>
  <testcase classname="netwin.WebMathNew.VolunteerPage" name="want_to_be_vl" time="3.713"/>
  <testcase classname="netwin.WebMathNew.StudentPage" name="student" time="1.267"/>
  <testcase classname="netwin.WebMathNew.StudentPage" name="stud_services" time="1.623"/>
  <testcase classname="netwin.WebMathNew.StudentPage" name="stud_find_tutor" time="1.406">
    <failure type="java.lang.IllegalArgumentException" message="Keys to send should be a not null CharSequence">
      <![CDATA[java.lang.IllegalArgumentException: Keys to send should be a not null CharSequence
at org.openqa.selenium.remote.RemoteWebElement.sendKeys(RemoteWebElement.java:98)
at netwin.WebMathNew.StudentPage.stud_find_tutor(StudentPage.java:62)
at java.base/java.util.ArrayList.forEach(ArrayList.java:1511)
... Removed 27 stack frames]]>
    </failure>
  </testcase> <!-- stud_find_tutor -->
  <testcase classname="netwin.WebMathNew.StudentPage" name="stud_find_tutor" time="2.85"/>
  <testcase classname="netwin.WebMathNew.StudentPage" name="stud_find_tutor" time="2.439"/>
  <testcase classname="netwin.WebMathNew.StudentPage" name="stud_find_tutor" time="2.797"/>
  <testcase classname="netwin.WebMathNew.StudentPage" name="stud_find_tutor" time="2.68"/>
  <testcase classname="netwin.WebMathNew.StudentPage" name="stud_find_tutor" time="2.499"/>
  <testcase classname="netwin.WebMathNew.StudentPage" name="stud_find_tutor" time="2.406"/>
  <testcase classname="netwin.WebMathNew.StudentPage" name="stud_find_tutor" time="2.588"/>
  <testcase classname="netwin.WebMathNew.StudentPage" name="stud_find_tutor" time="2.612"/>
  <testcase classname="netwin.WebMathNew.StudentPage" name="stud_resources" time="1.586"/>
  <testcase classname="netwin.WebMathNew.SkillsForSucessPage" name="skillsForSucess" time="1.759"/>
  <testcase classname="netwin.WebMathNew.SkillsForSucessPage" name="writingSkills" time="1.544"/>
  <testcase classname="netwin.WebMathNew.SkillsForSucessPage" name="readingSkills" time="1.392"/>
  <testcase classname="netwin.WebMathNew.SkillsForSucessPage" name="digitalSkills" time="1.332"/>
  <testcase classname="netwin.WebMathNew.SkillsForSucessPage" name="problemSolvingSkills" time="1.304"/>
  <testcase classname="netwin.WebMathNew.SkillsForSucessPage" name="communicationSkills" time="1.837"/>
  <testcase classname="netwin.WebMathNew.SkillsForSucessPage" name="numeracySkills" time="1.485"/>
  <testcase classname="netwin.WebMathNew.SkillsForSucessPage" name="creativitySkills" time="1.795"/>
  <testcase classname="netwin.WebMathNew.SkillsForSucessPage" name="collabrationSkills" time="1.793"/>
  <testcase classname="netwin.WebMathNew.SkillsForSucessPage" name="adaptibilitySkills" time="1.572"/>
  <testcase classname="netwin.WebMathNew.SkillsForSucessPage" name="upSkillsSkills" time="1.578"/>
  <testcase classname="netwin.WebMathNew.SkillsForSucessPage" name="skillsForLifeSeries" time="1.418"/>
  <testcase classname="netwin.WebMathNew.SkillsForSucessPage" name="jobSearchResouces" time="1.937"/>
  <testcase classname="netwin.WebMathNew.ResourcesPage" name="resouces" time="1.427"/>
  <testcase classname="netwin.WebMathNew.EventPage" name="event" time="4.248"/>
  <testcase classname="netwin.WebMathNew.AboutUsPage" name="aboutUs" time="1.504"/>
  <testcase classname="netwin.WebMathNew.ContactPage" name="contact" time="1.597">
    <failure type="java.lang.IllegalArgumentException" message="Keys to send should be a not null CharSequence">
      <![CDATA[java.lang.IllegalArgumentException: Keys to send should be a not null CharSequence
at org.openqa.selenium.remote.RemoteWebElement.sendKeys(RemoteWebElement.java:98)
at netwin.WebMathNew.ContactPage.contact(ContactPage.java:48)
at java.base/java.util.ArrayList.forEach(ArrayList.java:1511)
... Removed 27 stack frames]]>
    </failure>
  </testcase> <!-- contact -->
  <testcase classname="netwin.WebMathNew.ContactPage" name="contact" time="2.764"/>
  <testcase classname="netwin.WebMathNew.ContactPage" name="contact" time="2.411"/>
  <testcase classname="netwin.WebMathNew.ContactPage" name="contact" time="2.116"/>
  <testcase classname="netwin.WebMathNew.ContactPage" name="contact" time="2.515"/>
  <testcase classname="netwin.WebMathNew.ContactPage" name="contact" time="2.088"/>
  <testcase classname="netwin.WebMathNew.ContactPage" name="contact" time="2.366"/>
  <testcase classname="netwin.WebMathNew.ContactPage" name="contact" time="2.612"/>
  <testcase classname="netwin.WebMathNew.ContactPage" name="contact" time="2.331"/>
  <testcase classname="netwin.WebMathNew.ContactPage" name="contact" time="2.166"/>
  <testcase classname="netwin.WebMathNew.ContactPage" name="contact" time="2.238"/>
  <testcase classname="netwin.WebMathNew.ContactPage" name="contact" time="2.204"/>
  <testcase classname="netwin.WebMathNew.ContactPage" name="contact" time="2.333"/>
  <testcase classname="netwin.WebMathNew.ContactPage" name="contact" time="2.056"/>
</testsuite> <!-- Test -->
