<html>
<head>
<title>TestNG:  Test</title>
<link href="../testng.css" rel="stylesheet" type="text/css" />
<link href="../my-testng.css" rel="stylesheet" type="text/css" />

<style type="text/css">
.log { display: none;} 
.stack-trace { display: none;} 
</style>
<script type="text/javascript">
<!--
function flip(e) {
  current = e.style.display;
  if (current == 'block') {
    e.style.display = 'none';
    return 0;
  }
  else {
    e.style.display = 'block';
    return 1;
  }
}

function toggleBox(szDivId, elem, msg1, msg2)
{
  var res = -1;  if (document.getElementById) {
    res = flip(document.getElementById(szDivId));
  }
  else if (document.all) {
    // this is the way old msie versions work
    res = flip(document.all[szDivId]);
  }
  if(elem) {
    if(res == 0) elem.innerHTML = msg1; else elem.innerHTML = msg2;
  }

}

function toggleAllBoxes() {
  if (document.getElementsByTagName) {
    d = document.getElementsByTagName('div');
    for (i = 0; i < d.length; i++) {
      if (d[i].className == 'log') {
        flip(d[i]);
      }
    }
  }
}

// -->
</script>

</head>
<body>
<h2 align='center'>Test</h2><table border='1' align="center">
<tr>
<td>Tests passed/Failed/Skipped:</td><td>80/7/0</td>
</tr><tr>
<td>Started on:</td><td>Wed Sep 06 13:31:59 IST 2023</td>
</tr>
<tr><td>Total time:</td><td>1388 seconds (1388605 ms)</td>
</tr><tr>
<td>Included groups:</td><td></td>
</tr><tr>
<td>Excluded groups:</td><td></td>
</tr>
</table><p/>
<small><i>(Hover the method name to see the test class name)</i></small><p/>
<table width='100%' border='1' class='invocation-failed'>
<tr><td colspan='4' align='center'><b>FAILED TESTS</b></td></tr>
<tr><td><b>Test method</b></td>
<td width="30%"><b>Exception</b></td>
<td width="10%"><b>Time (seconds)</b></td>
<td><b>Instance</b></td>
</tr>
<tr>
<td title='netwin.WebMathNew.VolunteerPage.want_to_be_vl()'><b>want_to_be_vl</b><br>Test class: netwin.WebMathNew.VolunteerPage<br>Parameters: null, null, null, null, null, null, null, null, null, null, null, null, null</td>
<td><div><pre>java.lang.IllegalArgumentException: Keys to send should be a not null CharSequence
	at org.openqa.selenium.remote.RemoteWebElement.sendKeys(RemoteWebElement.java:98)
	at netwin.WebMathNew.VolunteerPage.want_to_be_vl(VolunteerPage.java:100)
	at java.base/java.util.ArrayList.forEach(ArrayList.java:1511)
... Removed 27 stack frames</pre></div><a href='#' onClick='toggleBox("stack-trace272876691", this, "Click to show all stack frames", "Click to hide stack frames")'>Click to show all stack frames</a>
<div class='stack-trace' id='stack-trace272876691'><pre>java.lang.IllegalArgumentException: Keys to send should be a not null CharSequence
	at org.openqa.selenium.remote.RemoteWebElement.sendKeys(RemoteWebElement.java:98)
	at netwin.WebMathNew.VolunteerPage.want_to_be_vl(VolunteerPage.java:100)
	at java.base/jdk.internal.reflect.NativeMethodAccessorImpl.invoke0(Native Method)
	at java.base/jdk.internal.reflect.NativeMethodAccessorImpl.invoke(NativeMethodAccessorImpl.java:77)
	at java.base/jdk.internal.reflect.DelegatingMethodAccessorImpl.invoke(DelegatingMethodAccessorImpl.java:43)
	at java.base/java.lang.reflect.Method.invoke(Method.java:568)
	at org.testng.internal.invokers.MethodInvocationHelper.invokeMethod(MethodInvocationHelper.java:136)
	at org.testng.internal.invokers.TestInvoker.invokeMethod(TestInvoker.java:658)
	at org.testng.internal.invokers.TestInvoker.invokeTestMethod(TestInvoker.java:219)
	at org.testng.internal.invokers.MethodRunner.runInSequence(MethodRunner.java:50)
	at org.testng.internal.invokers.TestInvoker$MethodInvocationAgent.invoke(TestInvoker.java:923)
	at org.testng.internal.invokers.TestInvoker.invokeTestMethods(TestInvoker.java:192)
	at org.testng.internal.invokers.TestMethodWorker.invokeTestMethods(TestMethodWorker.java:146)
	at org.testng.internal.invokers.TestMethodWorker.run(TestMethodWorker.java:128)
	at java.base/java.util.ArrayList.forEach(ArrayList.java:1511)
	at org.testng.TestRunner.privateRun(TestRunner.java:808)
	at org.testng.TestRunner.run(TestRunner.java:603)
	at org.testng.SuiteRunner.runTest(SuiteRunner.java:429)
	at org.testng.SuiteRunner.runSequentially(SuiteRunner.java:423)
	at org.testng.SuiteRunner.privateRun(SuiteRunner.java:383)
	at org.testng.SuiteRunner.run(SuiteRunner.java:326)
	at org.testng.SuiteRunnerWorker.runSuite(SuiteRunnerWorker.java:52)
	at org.testng.SuiteRunnerWorker.run(SuiteRunnerWorker.java:95)
	at org.testng.TestNG.runSuitesSequentially(TestNG.java:1249)
	at org.testng.TestNG.runSuitesLocally(TestNG.java:1169)
	at org.testng.TestNG.runSuites(TestNG.java:1092)
	at org.testng.TestNG.run(TestNG.java:1060)
	at org.testng.remote.AbstractRemoteTestNG.run(AbstractRemoteTestNG.java:115)
	at org.testng.remote.RemoteTestNG.initAndRun(RemoteTestNG.java:251)
	at org.testng.remote.RemoteTestNG.main(RemoteTestNG.java:77)
</pre></div></td>
<td>1</td>
<td>netwin.WebMathNew.VolunteerPage@6c0d7c83</td></tr>
<tr>
<td title='netwin.WebMathNew.HomePage.searchInput()'><b>searchInput</b><br>Test class: netwin.WebMathNew.HomePage<br>Parameters: null</td>
<td><div><pre>java.lang.IllegalArgumentException: Keys to send should be a not null CharSequence
	at org.openqa.selenium.remote.RemoteWebElement.sendKeys(RemoteWebElement.java:98)
	at netwin.WebMathNew.HomePage.searchInput(HomePage.java:56)
	at java.base/java.util.ArrayList.forEach(ArrayList.java:1511)
... Removed 27 stack frames</pre></div><a href='#' onClick='toggleBox("stack-trace1448967471", this, "Click to show all stack frames", "Click to hide stack frames")'>Click to show all stack frames</a>
<div class='stack-trace' id='stack-trace1448967471'><pre>java.lang.IllegalArgumentException: Keys to send should be a not null CharSequence
	at org.openqa.selenium.remote.RemoteWebElement.sendKeys(RemoteWebElement.java:98)
	at netwin.WebMathNew.HomePage.searchInput(HomePage.java:56)
	at java.base/jdk.internal.reflect.NativeMethodAccessorImpl.invoke0(Native Method)
	at java.base/jdk.internal.reflect.NativeMethodAccessorImpl.invoke(NativeMethodAccessorImpl.java:77)
	at java.base/jdk.internal.reflect.DelegatingMethodAccessorImpl.invoke(DelegatingMethodAccessorImpl.java:43)
	at java.base/java.lang.reflect.Method.invoke(Method.java:568)
	at org.testng.internal.invokers.MethodInvocationHelper.invokeMethod(MethodInvocationHelper.java:136)
	at org.testng.internal.invokers.TestInvoker.invokeMethod(TestInvoker.java:658)
	at org.testng.internal.invokers.TestInvoker.invokeTestMethod(TestInvoker.java:219)
	at org.testng.internal.invokers.MethodRunner.runInSequence(MethodRunner.java:50)
	at org.testng.internal.invokers.TestInvoker$MethodInvocationAgent.invoke(TestInvoker.java:923)
	at org.testng.internal.invokers.TestInvoker.invokeTestMethods(TestInvoker.java:192)
	at org.testng.internal.invokers.TestMethodWorker.invokeTestMethods(TestMethodWorker.java:146)
	at org.testng.internal.invokers.TestMethodWorker.run(TestMethodWorker.java:128)
	at java.base/java.util.ArrayList.forEach(ArrayList.java:1511)
	at org.testng.TestRunner.privateRun(TestRunner.java:808)
	at org.testng.TestRunner.run(TestRunner.java:603)
	at org.testng.SuiteRunner.runTest(SuiteRunner.java:429)
	at org.testng.SuiteRunner.runSequentially(SuiteRunner.java:423)
	at org.testng.SuiteRunner.privateRun(SuiteRunner.java:383)
	at org.testng.SuiteRunner.run(SuiteRunner.java:326)
	at org.testng.SuiteRunnerWorker.runSuite(SuiteRunnerWorker.java:52)
	at org.testng.SuiteRunnerWorker.run(SuiteRunnerWorker.java:95)
	at org.testng.TestNG.runSuitesSequentially(TestNG.java:1249)
	at org.testng.TestNG.runSuitesLocally(TestNG.java:1169)
	at org.testng.TestNG.runSuites(TestNG.java:1092)
	at org.testng.TestNG.run(TestNG.java:1060)
	at org.testng.remote.AbstractRemoteTestNG.run(AbstractRemoteTestNG.java:115)
	at org.testng.remote.RemoteTestNG.initAndRun(RemoteTestNG.java:251)
	at org.testng.remote.RemoteTestNG.main(RemoteTestNG.java:77)
</pre></div></td>
<td>0</td>
<td>netwin.WebMathNew.HomePage@16b2bb0c</td></tr>
<tr>
<td title='netwin.WebMathNew.HomePage.sponsers()'><b>sponsers</b><br>Test class: netwin.WebMathNew.HomePage</td>
<td><div><pre>org.openqa.selenium.ElementNotInteractableException: element not interactable
  (Session info: chrome=116.0.5845.141)
Build info: version: &apos;4.8.2&apos;, revision: &apos;826dbfc730&apos;
System info: os.name: &apos;Windows 10&apos;, os.arch: &apos;amd64&apos;, os.version: &apos;10.0&apos;, java.version: &apos;17.0.8&apos;
Driver info: org.openqa.selenium.chrome.ChromeDriver
Command: [c73d579a9af6993002f74ca7ef108fa1, clickElement {id=9A0D3F51131E5710DF610310CA0F9098_element_88}]
Capabilities {acceptInsecureCerts: false, browserName: chrome, browserVersion: 116.0.5845.141, chrome: {chromedriverVersion: 116.0.5845.96 (1a3918166880..., userDataDir: C:\Users\PRITIK~1.SOM\AppDa...}, fedcm:accounts: true, goog:chromeOptions: {debuggerAddress: localhost:51490}, networkConnectionEnabled: false, pageLoadStrategy: normal, platformName: WINDOWS, proxy: Proxy(), se:cdp: ws://localhost:51490/devtoo..., se:cdpVersion: 116.0.5845.141, setWindowRect: true, strictFileInteractability: false, timeouts: {implicit: 0, pageLoad: 300000, script: 30000}, unhandledPromptBehavior: dismiss and notify, webauthn:extension:credBlob: true, webauthn:extension:largeBlob: true, webauthn:extension:minPinLength: true, webauthn:extension:prf: true, webauthn:virtualAuthenticators: true}
Element: [[ChromeDriver: chrome on WINDOWS (c73d579a9af6993002f74ca7ef108fa1)] -&gt; xpath: //*[@id=&quot;wrapper&quot;]/div[8]/div/div/div/div[2]/div[15]/div/div/a/img]
Session ID: c73d579a9af6993002f74ca7ef108fa1
	at org.openqa.selenium.remote.codec.w3c.W3CHttpResponseCodec.createException(W3CHttpResponseCodec.java:200)
	at org.openqa.selenium.remote.codec.w3c.W3CHttpResponseCodec.decode(W3CHttpResponseCodec.java:133)
	at org.openqa.selenium.remote.codec.w3c.W3CHttpResponseCodec.decode(W3CHttpResponseCodec.java:53)
	at org.openqa.selenium.remote.HttpCommandExecutor.execute(HttpCommandExecutor.java:193)
	at org.openqa.selenium.remote.service.DriverCommandExecutor.invokeExecute(DriverCommandExecutor.java:183)
	at org.openqa.selenium.remote.service.DriverCommandExecutor.execute(DriverCommandExecutor.java:158)
	at org.openqa.selenium.remote.RemoteWebDriver.execute(RemoteWebDriver.java:543)
	at org.openqa.selenium.remote.RemoteWebElement.execute(RemoteWebElement.java:257)
	at org.openqa.selenium.remote.RemoteWebElement.click(RemoteWebElement.java:78)
	at netwin.WebMathNew.HomePage.sponsers(HomePage.java:117)
	at java.base/java.util.ArrayList.forEach(ArrayList.java:1511)
... Removed 32 stack frames</pre></div><a href='#' onClick='toggleBox("stack-trace1078839705", this, "Click to show all stack frames", "Click to hide stack frames")'>Click to show all stack frames</a>
<div class='stack-trace' id='stack-trace1078839705'><pre>org.openqa.selenium.ElementNotInteractableException: element not interactable
  (Session info: chrome=116.0.5845.141)
Build info: version: &apos;4.8.2&apos;, revision: &apos;826dbfc730&apos;
System info: os.name: &apos;Windows 10&apos;, os.arch: &apos;amd64&apos;, os.version: &apos;10.0&apos;, java.version: &apos;17.0.8&apos;
Driver info: org.openqa.selenium.chrome.ChromeDriver
Command: [c73d579a9af6993002f74ca7ef108fa1, clickElement {id=9A0D3F51131E5710DF610310CA0F9098_element_88}]
Capabilities {acceptInsecureCerts: false, browserName: chrome, browserVersion: 116.0.5845.141, chrome: {chromedriverVersion: 116.0.5845.96 (1a3918166880..., userDataDir: C:\Users\PRITIK~1.SOM\AppDa...}, fedcm:accounts: true, goog:chromeOptions: {debuggerAddress: localhost:51490}, networkConnectionEnabled: false, pageLoadStrategy: normal, platformName: WINDOWS, proxy: Proxy(), se:cdp: ws://localhost:51490/devtoo..., se:cdpVersion: 116.0.5845.141, setWindowRect: true, strictFileInteractability: false, timeouts: {implicit: 0, pageLoad: 300000, script: 30000}, unhandledPromptBehavior: dismiss and notify, webauthn:extension:credBlob: true, webauthn:extension:largeBlob: true, webauthn:extension:minPinLength: true, webauthn:extension:prf: true, webauthn:virtualAuthenticators: true}
Element: [[ChromeDriver: chrome on WINDOWS (c73d579a9af6993002f74ca7ef108fa1)] -&gt; xpath: //*[@id=&quot;wrapper&quot;]/div[8]/div/div/div/div[2]/div[15]/div/div/a/img]
Session ID: c73d579a9af6993002f74ca7ef108fa1
	at java.base/jdk.internal.reflect.NativeConstructorAccessorImpl.newInstance0(Native Method)
	at java.base/jdk.internal.reflect.NativeConstructorAccessorImpl.newInstance(NativeConstructorAccessorImpl.java:77)
	at java.base/jdk.internal.reflect.DelegatingConstructorAccessorImpl.newInstance(DelegatingConstructorAccessorImpl.java:45)
	at java.base/java.lang.reflect.Constructor.newInstanceWithCaller(Constructor.java:499)
	at java.base/java.lang.reflect.Constructor.newInstance(Constructor.java:480)
	at org.openqa.selenium.remote.codec.w3c.W3CHttpResponseCodec.createException(W3CHttpResponseCodec.java:200)
	at org.openqa.selenium.remote.codec.w3c.W3CHttpResponseCodec.decode(W3CHttpResponseCodec.java:133)
	at org.openqa.selenium.remote.codec.w3c.W3CHttpResponseCodec.decode(W3CHttpResponseCodec.java:53)
	at org.openqa.selenium.remote.HttpCommandExecutor.execute(HttpCommandExecutor.java:193)
	at org.openqa.selenium.remote.service.DriverCommandExecutor.invokeExecute(DriverCommandExecutor.java:183)
	at org.openqa.selenium.remote.service.DriverCommandExecutor.execute(DriverCommandExecutor.java:158)
	at org.openqa.selenium.remote.RemoteWebDriver.execute(RemoteWebDriver.java:543)
	at org.openqa.selenium.remote.RemoteWebElement.execute(RemoteWebElement.java:257)
	at org.openqa.selenium.remote.RemoteWebElement.click(RemoteWebElement.java:78)
	at netwin.WebMathNew.HomePage.sponsers(HomePage.java:117)
	at java.base/jdk.internal.reflect.NativeMethodAccessorImpl.invoke0(Native Method)
	at java.base/jdk.internal.reflect.NativeMethodAccessorImpl.invoke(NativeMethodAccessorImpl.java:77)
	at java.base/jdk.internal.reflect.DelegatingMethodAccessorImpl.invoke(DelegatingMethodAccessorImpl.java:43)
	at java.base/java.lang.reflect.Method.invoke(Method.java:568)
	at org.testng.internal.invokers.MethodInvocationHelper.invokeMethod(MethodInvocationHelper.java:136)
	at org.testng.internal.invokers.TestInvoker.invokeMethod(TestInvoker.java:658)
	at org.testng.internal.invokers.TestInvoker.invokeTestMethod(TestInvoker.java:219)
	at org.testng.internal.invokers.MethodRunner.runInSequence(MethodRunner.java:50)
	at org.testng.internal.invokers.TestInvoker$MethodInvocationAgent.invoke(TestInvoker.java:923)
	at org.testng.internal.invokers.TestInvoker.invokeTestMethods(TestInvoker.java:192)
	at org.testng.internal.invokers.TestMethodWorker.invokeTestMethods(TestMethodWorker.java:146)
	at org.testng.internal.invokers.TestMethodWorker.run(TestMethodWorker.java:128)
	at java.base/java.util.ArrayList.forEach(ArrayList.java:1511)
	at org.testng.TestRunner.privateRun(TestRunner.java:808)
	at org.testng.TestRunner.run(TestRunner.java:603)
	at org.testng.SuiteRunner.runTest(SuiteRunner.java:429)
	at org.testng.SuiteRunner.runSequentially(SuiteRunner.java:423)
	at org.testng.SuiteRunner.privateRun(SuiteRunner.java:383)
	at org.testng.SuiteRunner.run(SuiteRunner.java:326)
	at org.testng.SuiteRunnerWorker.runSuite(SuiteRunnerWorker.java:52)
	at org.testng.SuiteRunnerWorker.run(SuiteRunnerWorker.java:95)
	at org.testng.TestNG.runSuitesSequentially(TestNG.java:1249)
	at org.testng.TestNG.runSuitesLocally(TestNG.java:1169)
	at org.testng.TestNG.runSuites(TestNG.java:1092)
	at org.testng.TestNG.run(TestNG.java:1060)
	at org.testng.remote.AbstractRemoteTestNG.run(AbstractRemoteTestNG.java:115)
	at org.testng.remote.RemoteTestNG.initAndRun(RemoteTestNG.java:251)
	at org.testng.remote.RemoteTestNG.main(RemoteTestNG.java:77)
</pre></div></td>
<td>30</td>
<td>netwin.WebMathNew.HomePage@16b2bb0c</td></tr>
<tr>
<td title='netwin.WebMathNew.StudentPage.stud_find_tutor()'><b>stud_find_tutor</b><br>Test class: netwin.WebMathNew.StudentPage<br>Parameters: null, null, null, null, null</td>
<td><div><pre>java.lang.IllegalArgumentException: Keys to send should be a not null CharSequence
	at org.openqa.selenium.remote.RemoteWebElement.sendKeys(RemoteWebElement.java:98)
	at netwin.WebMathNew.StudentPage.stud_find_tutor(StudentPage.java:62)
	at java.base/java.util.ArrayList.forEach(ArrayList.java:1511)
... Removed 27 stack frames</pre></div><a href='#' onClick='toggleBox("stack-trace1159249917", this, "Click to show all stack frames", "Click to hide stack frames")'>Click to show all stack frames</a>
<div class='stack-trace' id='stack-trace1159249917'><pre>java.lang.IllegalArgumentException: Keys to send should be a not null CharSequence
	at org.openqa.selenium.remote.RemoteWebElement.sendKeys(RemoteWebElement.java:98)
	at netwin.WebMathNew.StudentPage.stud_find_tutor(StudentPage.java:62)
	at java.base/jdk.internal.reflect.NativeMethodAccessorImpl.invoke0(Native Method)
	at java.base/jdk.internal.reflect.NativeMethodAccessorImpl.invoke(NativeMethodAccessorImpl.java:77)
	at java.base/jdk.internal.reflect.DelegatingMethodAccessorImpl.invoke(DelegatingMethodAccessorImpl.java:43)
	at java.base/java.lang.reflect.Method.invoke(Method.java:568)
	at org.testng.internal.invokers.MethodInvocationHelper.invokeMethod(MethodInvocationHelper.java:136)
	at org.testng.internal.invokers.TestInvoker.invokeMethod(TestInvoker.java:658)
	at org.testng.internal.invokers.TestInvoker.invokeTestMethod(TestInvoker.java:219)
	at org.testng.internal.invokers.MethodRunner.runInSequence(MethodRunner.java:50)
	at org.testng.internal.invokers.TestInvoker$MethodInvocationAgent.invoke(TestInvoker.java:923)
	at org.testng.internal.invokers.TestInvoker.invokeTestMethods(TestInvoker.java:192)
	at org.testng.internal.invokers.TestMethodWorker.invokeTestMethods(TestMethodWorker.java:146)
	at org.testng.internal.invokers.TestMethodWorker.run(TestMethodWorker.java:128)
	at java.base/java.util.ArrayList.forEach(ArrayList.java:1511)
	at org.testng.TestRunner.privateRun(TestRunner.java:808)
	at org.testng.TestRunner.run(TestRunner.java:603)
	at org.testng.SuiteRunner.runTest(SuiteRunner.java:429)
	at org.testng.SuiteRunner.runSequentially(SuiteRunner.java:423)
	at org.testng.SuiteRunner.privateRun(SuiteRunner.java:383)
	at org.testng.SuiteRunner.run(SuiteRunner.java:326)
	at org.testng.SuiteRunnerWorker.runSuite(SuiteRunnerWorker.java:52)
	at org.testng.SuiteRunnerWorker.run(SuiteRunnerWorker.java:95)
	at org.testng.TestNG.runSuitesSequentially(TestNG.java:1249)
	at org.testng.TestNG.runSuitesLocally(TestNG.java:1169)
	at org.testng.TestNG.runSuites(TestNG.java:1092)
	at org.testng.TestNG.run(TestNG.java:1060)
	at org.testng.remote.AbstractRemoteTestNG.run(AbstractRemoteTestNG.java:115)
	at org.testng.remote.RemoteTestNG.initAndRun(RemoteTestNG.java:251)
	at org.testng.remote.RemoteTestNG.main(RemoteTestNG.java:77)
</pre></div></td>
<td>1</td>
<td>netwin.WebMathNew.StudentPage@176b75f7</td></tr>
<tr>
<td title='netwin.WebMathNew.ContactPage.contact()'><b>contact</b><br>Test class: netwin.WebMathNew.ContactPage<br>Parameters: null, null, null</td>
<td><div><pre>java.lang.IllegalArgumentException: Keys to send should be a not null CharSequence
	at org.openqa.selenium.remote.RemoteWebElement.sendKeys(RemoteWebElement.java:98)
	at netwin.WebMathNew.ContactPage.contact(ContactPage.java:48)
	at java.base/java.util.ArrayList.forEach(ArrayList.java:1511)
... Removed 27 stack frames</pre></div><a href='#' onClick='toggleBox("stack-trace1589840006", this, "Click to show all stack frames", "Click to hide stack frames")'>Click to show all stack frames</a>
<div class='stack-trace' id='stack-trace1589840006'><pre>java.lang.IllegalArgumentException: Keys to send should be a not null CharSequence
	at org.openqa.selenium.remote.RemoteWebElement.sendKeys(RemoteWebElement.java:98)
	at netwin.WebMathNew.ContactPage.contact(ContactPage.java:48)
	at java.base/jdk.internal.reflect.NativeMethodAccessorImpl.invoke0(Native Method)
	at java.base/jdk.internal.reflect.NativeMethodAccessorImpl.invoke(NativeMethodAccessorImpl.java:77)
	at java.base/jdk.internal.reflect.DelegatingMethodAccessorImpl.invoke(DelegatingMethodAccessorImpl.java:43)
	at java.base/java.lang.reflect.Method.invoke(Method.java:568)
	at org.testng.internal.invokers.MethodInvocationHelper.invokeMethod(MethodInvocationHelper.java:136)
	at org.testng.internal.invokers.TestInvoker.invokeMethod(TestInvoker.java:658)
	at org.testng.internal.invokers.TestInvoker.invokeTestMethod(TestInvoker.java:219)
	at org.testng.internal.invokers.MethodRunner.runInSequence(MethodRunner.java:50)
	at org.testng.internal.invokers.TestInvoker$MethodInvocationAgent.invoke(TestInvoker.java:923)
	at org.testng.internal.invokers.TestInvoker.invokeTestMethods(TestInvoker.java:192)
	at org.testng.internal.invokers.TestMethodWorker.invokeTestMethods(TestMethodWorker.java:146)
	at org.testng.internal.invokers.TestMethodWorker.run(TestMethodWorker.java:128)
	at java.base/java.util.ArrayList.forEach(ArrayList.java:1511)
	at org.testng.TestRunner.privateRun(TestRunner.java:808)
	at org.testng.TestRunner.run(TestRunner.java:603)
	at org.testng.SuiteRunner.runTest(SuiteRunner.java:429)
	at org.testng.SuiteRunner.runSequentially(SuiteRunner.java:423)
	at org.testng.SuiteRunner.privateRun(SuiteRunner.java:383)
	at org.testng.SuiteRunner.run(SuiteRunner.java:326)
	at org.testng.SuiteRunnerWorker.runSuite(SuiteRunnerWorker.java:52)
	at org.testng.SuiteRunnerWorker.run(SuiteRunnerWorker.java:95)
	at org.testng.TestNG.runSuitesSequentially(TestNG.java:1249)
	at org.testng.TestNG.runSuitesLocally(TestNG.java:1169)
	at org.testng.TestNG.runSuites(TestNG.java:1092)
	at org.testng.TestNG.run(TestNG.java:1060)
	at org.testng.remote.AbstractRemoteTestNG.run(AbstractRemoteTestNG.java:115)
	at org.testng.remote.RemoteTestNG.initAndRun(RemoteTestNG.java:251)
	at org.testng.remote.RemoteTestNG.main(RemoteTestNG.java:77)
</pre></div></td>
<td>1</td>
<td>netwin.WebMathNew.ContactPage@3b8f0a79</td></tr>
<tr>
<td title='netwin.WebMathNew.VolunteerPage.volunteer_info()'><b>volunteer_info</b><br>Test class: netwin.WebMathNew.VolunteerPage</td>
<td><div><pre>org.openqa.selenium.ElementNotInteractableException: element not interactable
  (Session info: chrome=116.0.5845.141)
Build info: version: &apos;4.8.2&apos;, revision: &apos;826dbfc730&apos;
System info: os.name: &apos;Windows 10&apos;, os.arch: &apos;amd64&apos;, os.version: &apos;10.0&apos;, java.version: &apos;17.0.8&apos;
Driver info: org.openqa.selenium.chrome.ChromeDriver
Command: [b0d8b779890c7d6ac78fe4ad26f64cf8, clickElement {id=3C965A4C148B17EACA1A590C4002941C_element_87}]
Capabilities {acceptInsecureCerts: false, browserName: chrome, browserVersion: 116.0.5845.141, chrome: {chromedriverVersion: 116.0.5845.96 (1a3918166880..., userDataDir: C:\Users\PRITIK~1.SOM\AppDa...}, fedcm:accounts: true, goog:chromeOptions: {debuggerAddress: localhost:51566}, networkConnectionEnabled: false, pageLoadStrategy: normal, platformName: WINDOWS, proxy: Proxy(), se:cdp: ws://localhost:51566/devtoo..., se:cdpVersion: 116.0.5845.141, setWindowRect: true, strictFileInteractability: false, timeouts: {implicit: 0, pageLoad: 300000, script: 30000}, unhandledPromptBehavior: dismiss and notify, webauthn:extension:credBlob: true, webauthn:extension:largeBlob: true, webauthn:extension:minPinLength: true, webauthn:extension:prf: true, webauthn:virtualAuthenticators: true}
Element: [[ChromeDriver: chrome on WINDOWS (b0d8b779890c7d6ac78fe4ad26f64cf8)] -&gt; xpath: //*[@id=&quot;menu-item-296&quot;]]
Session ID: b0d8b779890c7d6ac78fe4ad26f64cf8
	at org.openqa.selenium.remote.codec.w3c.W3CHttpResponseCodec.createException(W3CHttpResponseCodec.java:200)
	at org.openqa.selenium.remote.codec.w3c.W3CHttpResponseCodec.decode(W3CHttpResponseCodec.java:133)
	at org.openqa.selenium.remote.codec.w3c.W3CHttpResponseCodec.decode(W3CHttpResponseCodec.java:53)
	at org.openqa.selenium.remote.HttpCommandExecutor.execute(HttpCommandExecutor.java:193)
	at org.openqa.selenium.remote.service.DriverCommandExecutor.invokeExecute(DriverCommandExecutor.java:183)
	at org.openqa.selenium.remote.service.DriverCommandExecutor.execute(DriverCommandExecutor.java:158)
	at org.openqa.selenium.remote.RemoteWebDriver.execute(RemoteWebDriver.java:543)
	at org.openqa.selenium.remote.RemoteWebElement.execute(RemoteWebElement.java:257)
	at org.openqa.selenium.remote.RemoteWebElement.click(RemoteWebElement.java:78)
	at netwin.WebMathNew.VolunteerPage.volunteer_info(VolunteerPage.java:46)
	at java.base/java.util.ArrayList.forEach(ArrayList.java:1511)
... Removed 32 stack frames</pre></div><a href='#' onClick='toggleBox("stack-trace1749286340", this, "Click to show all stack frames", "Click to hide stack frames")'>Click to show all stack frames</a>
<div class='stack-trace' id='stack-trace1749286340'><pre>org.openqa.selenium.ElementNotInteractableException: element not interactable
  (Session info: chrome=116.0.5845.141)
Build info: version: &apos;4.8.2&apos;, revision: &apos;826dbfc730&apos;
System info: os.name: &apos;Windows 10&apos;, os.arch: &apos;amd64&apos;, os.version: &apos;10.0&apos;, java.version: &apos;17.0.8&apos;
Driver info: org.openqa.selenium.chrome.ChromeDriver
Command: [b0d8b779890c7d6ac78fe4ad26f64cf8, clickElement {id=3C965A4C148B17EACA1A590C4002941C_element_87}]
Capabilities {acceptInsecureCerts: false, browserName: chrome, browserVersion: 116.0.5845.141, chrome: {chromedriverVersion: 116.0.5845.96 (1a3918166880..., userDataDir: C:\Users\PRITIK~1.SOM\AppDa...}, fedcm:accounts: true, goog:chromeOptions: {debuggerAddress: localhost:51566}, networkConnectionEnabled: false, pageLoadStrategy: normal, platformName: WINDOWS, proxy: Proxy(), se:cdp: ws://localhost:51566/devtoo..., se:cdpVersion: 116.0.5845.141, setWindowRect: true, strictFileInteractability: false, timeouts: {implicit: 0, pageLoad: 300000, script: 30000}, unhandledPromptBehavior: dismiss and notify, webauthn:extension:credBlob: true, webauthn:extension:largeBlob: true, webauthn:extension:minPinLength: true, webauthn:extension:prf: true, webauthn:virtualAuthenticators: true}
Element: [[ChromeDriver: chrome on WINDOWS (b0d8b779890c7d6ac78fe4ad26f64cf8)] -&gt; xpath: //*[@id=&quot;menu-item-296&quot;]]
Session ID: b0d8b779890c7d6ac78fe4ad26f64cf8
	at java.base/jdk.internal.reflect.NativeConstructorAccessorImpl.newInstance0(Native Method)
	at java.base/jdk.internal.reflect.NativeConstructorAccessorImpl.newInstance(NativeConstructorAccessorImpl.java:77)
	at java.base/jdk.internal.reflect.DelegatingConstructorAccessorImpl.newInstance(DelegatingConstructorAccessorImpl.java:45)
	at java.base/java.lang.reflect.Constructor.newInstanceWithCaller(Constructor.java:499)
	at java.base/java.lang.reflect.Constructor.newInstance(Constructor.java:480)
	at org.openqa.selenium.remote.codec.w3c.W3CHttpResponseCodec.createException(W3CHttpResponseCodec.java:200)
	at org.openqa.selenium.remote.codec.w3c.W3CHttpResponseCodec.decode(W3CHttpResponseCodec.java:133)
	at org.openqa.selenium.remote.codec.w3c.W3CHttpResponseCodec.decode(W3CHttpResponseCodec.java:53)
	at org.openqa.selenium.remote.HttpCommandExecutor.execute(HttpCommandExecutor.java:193)
	at org.openqa.selenium.remote.service.DriverCommandExecutor.invokeExecute(DriverCommandExecutor.java:183)
	at org.openqa.selenium.remote.service.DriverCommandExecutor.execute(DriverCommandExecutor.java:158)
	at org.openqa.selenium.remote.RemoteWebDriver.execute(RemoteWebDriver.java:543)
	at org.openqa.selenium.remote.RemoteWebElement.execute(RemoteWebElement.java:257)
	at org.openqa.selenium.remote.RemoteWebElement.click(RemoteWebElement.java:78)
	at netwin.WebMathNew.VolunteerPage.volunteer_info(VolunteerPage.java:46)
	at java.base/jdk.internal.reflect.NativeMethodAccessorImpl.invoke0(Native Method)
	at java.base/jdk.internal.reflect.NativeMethodAccessorImpl.invoke(NativeMethodAccessorImpl.java:77)
	at java.base/jdk.internal.reflect.DelegatingMethodAccessorImpl.invoke(DelegatingMethodAccessorImpl.java:43)
	at java.base/java.lang.reflect.Method.invoke(Method.java:568)
	at org.testng.internal.invokers.MethodInvocationHelper.invokeMethod(MethodInvocationHelper.java:136)
	at org.testng.internal.invokers.TestInvoker.invokeMethod(TestInvoker.java:658)
	at org.testng.internal.invokers.TestInvoker.invokeTestMethod(TestInvoker.java:219)
	at org.testng.internal.invokers.MethodRunner.runInSequence(MethodRunner.java:50)
	at org.testng.internal.invokers.TestInvoker$MethodInvocationAgent.invoke(TestInvoker.java:923)
	at org.testng.internal.invokers.TestInvoker.invokeTestMethods(TestInvoker.java:192)
	at org.testng.internal.invokers.TestMethodWorker.invokeTestMethods(TestMethodWorker.java:146)
	at org.testng.internal.invokers.TestMethodWorker.run(TestMethodWorker.java:128)
	at java.base/java.util.ArrayList.forEach(ArrayList.java:1511)
	at org.testng.TestRunner.privateRun(TestRunner.java:808)
	at org.testng.TestRunner.run(TestRunner.java:603)
	at org.testng.SuiteRunner.runTest(SuiteRunner.java:429)
	at org.testng.SuiteRunner.runSequentially(SuiteRunner.java:423)
	at org.testng.SuiteRunner.privateRun(SuiteRunner.java:383)
	at org.testng.SuiteRunner.run(SuiteRunner.java:326)
	at org.testng.SuiteRunnerWorker.runSuite(SuiteRunnerWorker.java:52)
	at org.testng.SuiteRunnerWorker.run(SuiteRunnerWorker.java:95)
	at org.testng.TestNG.runSuitesSequentially(TestNG.java:1249)
	at org.testng.TestNG.runSuitesLocally(TestNG.java:1169)
	at org.testng.TestNG.runSuites(TestNG.java:1092)
	at org.testng.TestNG.run(TestNG.java:1060)
	at org.testng.remote.AbstractRemoteTestNG.run(AbstractRemoteTestNG.java:115)
	at org.testng.remote.RemoteTestNG.initAndRun(RemoteTestNG.java:251)
	at org.testng.remote.RemoteTestNG.main(RemoteTestNG.java:77)
</pre></div></td>
<td>31</td>
<td>netwin.WebMathNew.VolunteerPage@6c0d7c83</td></tr>
<tr>
<td title='netwin.WebMathNew.VolunteerPage.volunteer_training()'><b>volunteer_training</b><br>Test class: netwin.WebMathNew.VolunteerPage<br>Parameters: null, null, null</td>
<td><div><pre>java.lang.IllegalArgumentException: Keys to send should be a not null CharSequence
	at org.openqa.selenium.remote.RemoteWebElement.sendKeys(RemoteWebElement.java:98)
	at netwin.WebMathNew.VolunteerPage.volunteer_training(VolunteerPage.java:75)
	at java.base/java.util.ArrayList.forEach(ArrayList.java:1511)
... Removed 27 stack frames</pre></div><a href='#' onClick='toggleBox("stack-trace1627289079", this, "Click to show all stack frames", "Click to hide stack frames")'>Click to show all stack frames</a>
<div class='stack-trace' id='stack-trace1627289079'><pre>java.lang.IllegalArgumentException: Keys to send should be a not null CharSequence
	at org.openqa.selenium.remote.RemoteWebElement.sendKeys(RemoteWebElement.java:98)
	at netwin.WebMathNew.VolunteerPage.volunteer_training(VolunteerPage.java:75)
	at java.base/jdk.internal.reflect.NativeMethodAccessorImpl.invoke0(Native Method)
	at java.base/jdk.internal.reflect.NativeMethodAccessorImpl.invoke(NativeMethodAccessorImpl.java:77)
	at java.base/jdk.internal.reflect.DelegatingMethodAccessorImpl.invoke(DelegatingMethodAccessorImpl.java:43)
	at java.base/java.lang.reflect.Method.invoke(Method.java:568)
	at org.testng.internal.invokers.MethodInvocationHelper.invokeMethod(MethodInvocationHelper.java:136)
	at org.testng.internal.invokers.TestInvoker.invokeMethod(TestInvoker.java:658)
	at org.testng.internal.invokers.TestInvoker.invokeTestMethod(TestInvoker.java:219)
	at org.testng.internal.invokers.MethodRunner.runInSequence(MethodRunner.java:50)
	at org.testng.internal.invokers.TestInvoker$MethodInvocationAgent.invoke(TestInvoker.java:923)
	at org.testng.internal.invokers.TestInvoker.invokeTestMethods(TestInvoker.java:192)
	at org.testng.internal.invokers.TestMethodWorker.invokeTestMethods(TestMethodWorker.java:146)
	at org.testng.internal.invokers.TestMethodWorker.run(TestMethodWorker.java:128)
	at java.base/java.util.ArrayList.forEach(ArrayList.java:1511)
	at org.testng.TestRunner.privateRun(TestRunner.java:808)
	at org.testng.TestRunner.run(TestRunner.java:603)
	at org.testng.SuiteRunner.runTest(SuiteRunner.java:429)
	at org.testng.SuiteRunner.runSequentially(SuiteRunner.java:423)
	at org.testng.SuiteRunner.privateRun(SuiteRunner.java:383)
	at org.testng.SuiteRunner.run(SuiteRunner.java:326)
	at org.testng.SuiteRunnerWorker.runSuite(SuiteRunnerWorker.java:52)
	at org.testng.SuiteRunnerWorker.run(SuiteRunnerWorker.java:95)
	at org.testng.TestNG.runSuitesSequentially(TestNG.java:1249)
	at org.testng.TestNG.runSuitesLocally(TestNG.java:1169)
	at org.testng.TestNG.runSuites(TestNG.java:1092)
	at org.testng.TestNG.run(TestNG.java:1060)
	at org.testng.remote.AbstractRemoteTestNG.run(AbstractRemoteTestNG.java:115)
	at org.testng.remote.RemoteTestNG.initAndRun(RemoteTestNG.java:251)
	at org.testng.remote.RemoteTestNG.main(RemoteTestNG.java:77)
</pre></div></td>
<td>2</td>
<td>netwin.WebMathNew.VolunteerPage@6c0d7c83</td></tr>
</table><p>
<table width='100%' border='1' class='invocation-passed'>
<tr><td colspan='4' align='center'><b>PASSED TESTS</b></td></tr>
<tr><td><b>Test method</b></td>
<td width="30%"><b>Exception</b></td>
<td width="10%"><b>Time (seconds)</b></td>
<td><b>Instance</b></td>
</tr>
<tr>
<td title='netwin.WebMathNew.ContactPage.contact()'><b>contact</b><br>Test class: netwin.WebMathNew.ContactPage<br>Parameters: Priya Somase, pritika@gmail.com, hiii</td>
<td></td>
<td>2</td>
<td>netwin.WebMathNew.ContactPage@3b8f0a79</td></tr>
<tr>
<td title='netwin.WebMathNew.HomePage.searchInput()'><b>searchInput</b><br>Test class: netwin.WebMathNew.HomePage<br>Parameters: d3</td>
<td></td>
<td>5</td>
<td>netwin.WebMathNew.HomePage@16b2bb0c</td></tr>
<tr>
<td title='netwin.WebMathNew.StudentPage.stud_find_tutor()'><b>stud_find_tutor</b><br>Test class: netwin.WebMathNew.StudentPage<br>Parameters: Kalyani, pritika@gmail.com, Nashik, 4424, NA</td>
<td></td>
<td>2</td>
<td>netwin.WebMathNew.StudentPage@176b75f7</td></tr>
<tr>
<td title='netwin.WebMathNew.StudentPage.stud_find_tutor()'><b>stud_find_tutor</b><br>Test class: netwin.WebMathNew.StudentPage<br>Parameters: , xyz, , adsda, </td>
<td></td>
<td>2</td>
<td>netwin.WebMathNew.StudentPage@176b75f7</td></tr>
<tr>
<td title='netwin.WebMathNew.ResourcesPage.resouces()'><b>resouces</b><br>Test class: netwin.WebMathNew.ResourcesPage</td>
<td></td>
<td>1</td>
<td>netwin.WebMathNew.ResourcesPage@409c54f</td></tr>
<tr>
<td title='netwin.WebMathNew.VolunteerPage.volunteer_training()'><b>volunteer_training</b><br>Test class: netwin.WebMathNew.VolunteerPage<br>Parameters: sharda, sharda@gmail.com, 4321</td>
<td></td>
<td>3</td>
<td>netwin.WebMathNew.VolunteerPage@6c0d7c83</td></tr>
<tr>
<td title='netwin.WebMathNew.SkillsForSucessPage.communicationSkills()'><b>communicationSkills</b><br>Test class: netwin.WebMathNew.SkillsForSucessPage</td>
<td></td>
<td>1</td>
<td>netwin.WebMathNew.SkillsForSucessPage@5965be2d</td></tr>
<tr>
<td title='netwin.WebMathNew.VolunteerPage.volunteer_training()'><b>volunteer_training</b><br>Test class: netwin.WebMathNew.VolunteerPage<br>Parameters: pritika , pritika , </td>
<td></td>
<td>3</td>
<td>netwin.WebMathNew.VolunteerPage@6c0d7c83</td></tr>
<tr>
<td title='netwin.WebMathNew.ContactPage.contact()'><b>contact</b><br>Test class: netwin.WebMathNew.ContactPage<br>Parameters: Pritika Somase, pritika@gmail.com, hello</td>
<td></td>
<td>2</td>
<td>netwin.WebMathNew.ContactPage@3b8f0a79</td></tr>
<tr>
<td title='netwin.WebMathNew.HomePage.searchInput()'><b>searchInput</b><br>Test class: netwin.WebMathNew.HomePage<br>Parameters: g54</td>
<td></td>
<td>3</td>
<td>netwin.WebMathNew.HomePage@16b2bb0c</td></tr>
<tr>
<td title='netwin.WebMathNew.VolunteerPage.want_to_be_vl()'><b>want_to_be_vl</b><br>Test class: netwin.WebMathNew.VolunteerPage<br>Parameters: Pritika, yeola, pritika@gmail.com, 333, Automation tester, netwin, tester, -619906.0, java, python, pritika12@linkedin.com, Abhi, 57575, brother</td>
<td></td>
<td>3</td>
<td>netwin.WebMathNew.VolunteerPage@6c0d7c83</td></tr>
<tr>
<td title='netwin.WebMathNew.VolunteerPage.volunteer_tle()'><b>volunteer_tle</b><br>Test class: netwin.WebMathNew.VolunteerPage</td>
<td></td>
<td>2</td>
<td>netwin.WebMathNew.VolunteerPage@6c0d7c83</td></tr>
<tr>
<td title='netwin.WebMathNew.SkillsForSucessPage.skillsForSucess()'><b>skillsForSucess</b><br>Test class: netwin.WebMathNew.SkillsForSucessPage</td>
<td></td>
<td>1</td>
<td>netwin.WebMathNew.SkillsForSucessPage@5965be2d</td></tr>
<tr>
<td title='netwin.WebMathNew.SkillsForSucessPage.upSkillsSkills()'><b>upSkillsSkills</b><br>Test class: netwin.WebMathNew.SkillsForSucessPage</td>
<td></td>
<td>1</td>
<td>netwin.WebMathNew.SkillsForSucessPage@5965be2d</td></tr>
<tr>
<td title='netwin.WebMathNew.VolunteerPage.volunteer_tutoring()'><b>volunteer_tutoring</b><br>Test class: netwin.WebMathNew.VolunteerPage</td>
<td></td>
<td>2</td>
<td>netwin.WebMathNew.VolunteerPage@6c0d7c83</td></tr>
<tr>
<td title='netwin.WebMathNew.VolunteerPage.want_to_be_vl()'><b>want_to_be_vl</b><br>Test class: netwin.WebMathNew.VolunteerPage<br>Parameters: Pritika, yeola, pritika@gmail.com, , Automation tester, chinmay, , , , , , 5333, mother</td>
<td></td>
<td>3</td>
<td>netwin.WebMathNew.VolunteerPage@6c0d7c83</td></tr>
<tr>
<td title='netwin.WebMathNew.AboutUsPage.aboutUs()'><b>aboutUs</b><br>Test class: netwin.WebMathNew.AboutUsPage</td>
<td></td>
<td>1</td>
<td>netwin.WebMathNew.AboutUsPage@4f6f416f</td></tr>
<tr>
<td title='netwin.WebMathNew.SkillsForSucessPage.adaptibilitySkills()'><b>adaptibilitySkills</b><br>Test class: netwin.WebMathNew.SkillsForSucessPage</td>
<td></td>
<td>1</td>
<td>netwin.WebMathNew.SkillsForSucessPage@5965be2d</td></tr>
<tr>
<td title='netwin.WebMathNew.ContactPage.contact()'><b>contact</b><br>Test class: netwin.WebMathNew.ContactPage<br>Parameters: , pritika@gmail.com, </td>
<td></td>
<td>2</td>
<td>netwin.WebMathNew.ContactPage@3b8f0a79</td></tr>
<tr>
<td title='netwin.WebMathNew.ContactPage.contact()'><b>contact</b><br>Test class: netwin.WebMathNew.ContactPage<br>Parameters: , abc@gmail.com, </td>
<td></td>
<td>2</td>
<td>netwin.WebMathNew.ContactPage@3b8f0a79</td></tr>
<tr>
<td title='netwin.WebMathNew.VolunteerPage.volunteer_training()'><b>volunteer_training</b><br>Test class: netwin.WebMathNew.VolunteerPage<br>Parameters: , abc@gmail.com, </td>
<td></td>
<td>3</td>
<td>netwin.WebMathNew.VolunteerPage@6c0d7c83</td></tr>
<tr>
<td title='netwin.WebMathNew.StudentPage.stud_resources()'><b>stud_resources</b><br>Test class: netwin.WebMathNew.StudentPage</td>
<td></td>
<td>1</td>
<td>netwin.WebMathNew.StudentPage@176b75f7</td></tr>
<tr>
<td title='netwin.WebMathNew.SkillsForSucessPage.skillsForLifeSeries()'><b>skillsForLifeSeries</b><br>Test class: netwin.WebMathNew.SkillsForSucessPage</td>
<td></td>
<td>1</td>
<td>netwin.WebMathNew.SkillsForSucessPage@5965be2d</td></tr>
<tr>
<td title='netwin.WebMathNew.ContactPage.contact()'><b>contact</b><br>Test class: netwin.WebMathNew.ContactPage<br>Parameters: 35435464, pritika@gmail.com, hello</td>
<td></td>
<td>2</td>
<td>netwin.WebMathNew.ContactPage@3b8f0a79</td></tr>
<tr>
<td title='netwin.WebMathNew.StudentPage.student()'><b>student</b><br>Test class: netwin.WebMathNew.StudentPage</td>
<td></td>
<td>1</td>
<td>netwin.WebMathNew.StudentPage@176b75f7</td></tr>
<tr>
<td title='netwin.WebMathNew.SkillsForSucessPage.writingSkills()'><b>writingSkills</b><br>Test class: netwin.WebMathNew.SkillsForSucessPage</td>
<td></td>
<td>1</td>
<td>netwin.WebMathNew.SkillsForSucessPage@5965be2d</td></tr>
<tr>
<td title='netwin.WebMathNew.StudentPage.stud_find_tutor()'><b>stud_find_tutor</b><br>Test class: netwin.WebMathNew.StudentPage<br>Parameters: Pritika, pritika@gmail.com, yeola, 4424, NA</td>
<td></td>
<td>2</td>
<td>netwin.WebMathNew.StudentPage@176b75f7</td></tr>
<tr>
<td title='netwin.WebMathNew.VolunteerPage.want_to_be_vl()'><b>want_to_be_vl</b><br>Test class: netwin.WebMathNew.VolunteerPage<br>Parameters: @, , , , Automation tester, , , , Android, , , 2424, </td>
<td></td>
<td>3</td>
<td>netwin.WebMathNew.VolunteerPage@6c0d7c83</td></tr>
<tr>
<td title='netwin.WebMathNew.StudentPage.stud_find_tutor()'><b>stud_find_tutor</b><br>Test class: netwin.WebMathNew.StudentPage<br>Parameters: Kalyani, pritika@gmail.com, Nashik, 4424, NA</td>
<td></td>
<td>2</td>
<td>netwin.WebMathNew.StudentPage@176b75f7</td></tr>
<tr>
<td title='netwin.WebMathNew.ContactPage.contact()'><b>contact</b><br>Test class: netwin.WebMathNew.ContactPage<br>Parameters: , tret4, 4545t</td>
<td></td>
<td>2</td>
<td>netwin.WebMathNew.ContactPage@3b8f0a79</td></tr>
<tr>
<td title='netwin.WebMathNew.VolunteerPage.volunteer_training()'><b>volunteer_training</b><br>Test class: netwin.WebMathNew.VolunteerPage<br>Parameters: ewdrwr3434, 32@gmail.com12, </td>
<td></td>
<td>3</td>
<td>netwin.WebMathNew.VolunteerPage@6c0d7c83</td></tr>
<tr>
<td title='netwin.WebMathNew.SkillsForSucessPage.creativitySkills()'><b>creativitySkills</b><br>Test class: netwin.WebMathNew.SkillsForSucessPage</td>
<td></td>
<td>1</td>
<td>netwin.WebMathNew.SkillsForSucessPage@5965be2d</td></tr>
<tr>
<td title='netwin.WebMathNew.HomePage.homeNews()'><b>homeNews</b><br>Test class: netwin.WebMathNew.HomePage</td>
<td></td>
<td>3</td>
<td>netwin.WebMathNew.HomePage@16b2bb0c</td></tr>
<tr>
<td title='netwin.WebMathNew.HomePage.searchInput()'><b>searchInput</b><br>Test class: netwin.WebMathNew.HomePage<br>Parameters: about </td>
<td></td>
<td>5</td>
<td>netwin.WebMathNew.HomePage@16b2bb0c</td></tr>
<tr>
<td title='netwin.WebMathNew.SkillsForSucessPage.problemSolvingSkills()'><b>problemSolvingSkills</b><br>Test class: netwin.WebMathNew.SkillsForSucessPage</td>
<td></td>
<td>1</td>
<td>netwin.WebMathNew.SkillsForSucessPage@5965be2d</td></tr>
<tr>
<td title='netwin.WebMathNew.HomePage.searchInput()'><b>searchInput</b><br>Test class: netwin.WebMathNew.HomePage<br>Parameters: @</td>
<td></td>
<td>3</td>
<td>netwin.WebMathNew.HomePage@16b2bb0c</td></tr>
<tr>
<td title='netwin.WebMathNew.ContactPage.contact()'><b>contact</b><br>Test class: netwin.WebMathNew.ContactPage<br>Parameters: x234, , </td>
<td></td>
<td>2</td>
<td>netwin.WebMathNew.ContactPage@3b8f0a79</td></tr>
<tr>
<td title='netwin.WebMathNew.StudentPage.stud_services()'><b>stud_services</b><br>Test class: netwin.WebMathNew.StudentPage</td>
<td></td>
<td>1</td>
<td>netwin.WebMathNew.StudentPage@176b75f7</td></tr>
<tr>
<td title='netwin.WebMathNew.HomePage.homeEvent()'><b>homeEvent</b><br>Test class: netwin.WebMathNew.HomePage</td>
<td></td>
<td>4</td>
<td>netwin.WebMathNew.HomePage@16b2bb0c</td></tr>
<tr>
<td title='netwin.WebMathNew.ContactPage.contact()'><b>contact</b><br>Test class: netwin.WebMathNew.ContactPage<br>Parameters: , pritika@gmail.com, hiii</td>
<td></td>
<td>2</td>
<td>netwin.WebMathNew.ContactPage@3b8f0a79</td></tr>
<tr>
<td title='netwin.WebMathNew.ContactPage.contact()'><b>contact</b><br>Test class: netwin.WebMathNew.ContactPage<br>Parameters: Pritika Somase, abc, </td>
<td></td>
<td>2</td>
<td>netwin.WebMathNew.ContactPage@3b8f0a79</td></tr>
<tr>
<td title='netwin.WebMathNew.VolunteerPage.want_to_be_vl()'><b>want_to_be_vl</b><br>Test class: netwin.WebMathNew.VolunteerPage<br>Parameters: Pritika, yeola, pritika@gmail.com, 333, , , , , , , wer43, , </td>
<td></td>
<td>3</td>
<td>netwin.WebMathNew.VolunteerPage@6c0d7c83</td></tr>
<tr>
<td title='netwin.WebMathNew.VolunteerPage.want_to_be_vl()'><b>want_to_be_vl</b><br>Test class: netwin.WebMathNew.VolunteerPage<br>Parameters: Pritika, , pritika@gmail.com, , Automation tester, , developer, , , , , , </td>
<td></td>
<td>3</td>
<td>netwin.WebMathNew.VolunteerPage@6c0d7c83</td></tr>
<tr>
<td title='netwin.WebMathNew.SkillsForSucessPage.collabrationSkills()'><b>collabrationSkills</b><br>Test class: netwin.WebMathNew.SkillsForSucessPage</td>
<td></td>
<td>1</td>
<td>netwin.WebMathNew.SkillsForSucessPage@5965be2d</td></tr>
<tr>
<td title='netwin.WebMathNew.HomePage.searchInput()'><b>searchInput</b><br>Test class: netwin.WebMathNew.HomePage<br>Parameters: 4t43</td>
<td></td>
<td>4</td>
<td>netwin.WebMathNew.HomePage@16b2bb0c</td></tr>
<tr>
<td title='netwin.WebMathNew.VolunteerPage.volunteer_opportuniy()'><b>volunteer_opportuniy</b><br>Test class: netwin.WebMathNew.VolunteerPage</td>
<td></td>
<td>2</td>
<td>netwin.WebMathNew.VolunteerPage@6c0d7c83</td></tr>
<tr>
<td title='netwin.WebMathNew.VolunteerPage.want_to_be_vl()'><b>want_to_be_vl</b><br>Test class: netwin.WebMathNew.VolunteerPage<br>Parameters: Pritika, yeola, , 333, Automation tester, , , , CPP, pritika12@linkedin.com, xyz, , </td>
<td></td>
<td>3</td>
<td>netwin.WebMathNew.VolunteerPage@6c0d7c83</td></tr>
<tr>
<td title='netwin.WebMathNew.StudentPage.stud_find_tutor()'><b>stud_find_tutor</b><br>Test class: netwin.WebMathNew.StudentPage<br>Parameters: @, , , , </td>
<td></td>
<td>2</td>
<td>netwin.WebMathNew.StudentPage@176b75f7</td></tr>
<tr>
<td title='netwin.WebMathNew.VolunteerPage.volunteer_services()'><b>volunteer_services</b><br>Test class: netwin.WebMathNew.VolunteerPage</td>
<td></td>
<td>3</td>
<td>netwin.WebMathNew.VolunteerPage@6c0d7c83</td></tr>
<tr>
<td title='netwin.WebMathNew.VolunteerPage.volunteer_training()'><b>volunteer_training</b><br>Test class: netwin.WebMathNew.VolunteerPage<br>Parameters: 32, were23, </td>
<td></td>
<td>3</td>
<td>netwin.WebMathNew.VolunteerPage@6c0d7c83</td></tr>
<tr>
<td title='netwin.WebMathNew.SkillsForSucessPage.readingSkills()'><b>readingSkills</b><br>Test class: netwin.WebMathNew.SkillsForSucessPage</td>
<td></td>
<td>1</td>
<td>netwin.WebMathNew.SkillsForSucessPage@5965be2d</td></tr>
<tr>
<td title='netwin.WebMathNew.VolunteerPage.volunteer_pos()'><b>volunteer_pos</b><br>Test class: netwin.WebMathNew.VolunteerPage</td>
<td></td>
<td>3</td>
<td>netwin.WebMathNew.VolunteerPage@6c0d7c83</td></tr>
<tr>
<td title='netwin.WebMathNew.StudentPage.stud_find_tutor()'><b>stud_find_tutor</b><br>Test class: netwin.WebMathNew.StudentPage<br>Parameters: , pritika@gmail.com, Nashik, , NA</td>
<td></td>
<td>2</td>
<td>netwin.WebMathNew.StudentPage@176b75f7</td></tr>
<tr>
<td title='netwin.WebMathNew.HomePage.header()'><b>header</b><br>Test class: netwin.WebMathNew.HomePage</td>
<td></td>
<td>4</td>
<td>netwin.WebMathNew.HomePage@16b2bb0c</td></tr>
<tr>
<td title='netwin.WebMathNew.HomePage.searchInput()'><b>searchInput</b><br>Test class: netwin.WebMathNew.HomePage<br>Parameters: 1321</td>
<td></td>
<td>3</td>
<td>netwin.WebMathNew.HomePage@16b2bb0c</td></tr>
<tr>
<td title='netwin.WebMathNew.HomePage.searchInput()'><b>searchInput</b><br>Test class: netwin.WebMathNew.HomePage<br>Parameters: contact</td>
<td></td>
<td>4</td>
<td>netwin.WebMathNew.HomePage@16b2bb0c</td></tr>
<tr>
<td title='netwin.WebMathNew.VolunteerPage.want_to_be_vl()'><b>want_to_be_vl</b><br>Test class: netwin.WebMathNew.VolunteerPage<br>Parameters: Pritika, , pritika@gmail.com, 333, Automation tester, , tester, 10/02/12, java, python, , , 34543, </td>
<td></td>
<td>3</td>
<td>netwin.WebMathNew.VolunteerPage@6c0d7c83</td></tr>
<tr>
<td title='netwin.WebMathNew.VolunteerPage.want_to_be_vl()'><b>want_to_be_vl</b><br>Test class: netwin.WebMathNew.VolunteerPage<br>Parameters: Pritika 3243242, yeola, , 333, Automation tester, , , , CPP, tika12@linkedin.com, frrr3r3, , </td>
<td></td>
<td>3</td>
<td>netwin.WebMathNew.VolunteerPage@6c0d7c83</td></tr>
<tr>
<td title='netwin.WebMathNew.HomePage.searchInput()'><b>searchInput</b><br>Test class: netwin.WebMathNew.HomePage<br>Parameters: abc</td>
<td></td>
<td>4</td>
<td>netwin.WebMathNew.HomePage@16b2bb0c</td></tr>
<tr>
<td title='netwin.WebMathNew.VolunteerPage.volunteer_training()'><b>volunteer_training</b><br>Test class: netwin.WebMathNew.VolunteerPage<br>Parameters: pritika, pritika@gmail.com, 1234</td>
<td></td>
<td>3</td>
<td>netwin.WebMathNew.VolunteerPage@6c0d7c83</td></tr>
<tr>
<td title='netwin.WebMathNew.SkillsForSucessPage.numeracySkills()'><b>numeracySkills</b><br>Test class: netwin.WebMathNew.SkillsForSucessPage</td>
<td></td>
<td>1</td>
<td>netwin.WebMathNew.SkillsForSucessPage@5965be2d</td></tr>
<tr>
<td title='netwin.WebMathNew.StudentPage.stud_find_tutor()'><b>stud_find_tutor</b><br>Test class: netwin.WebMathNew.StudentPage<br>Parameters: Devyani, , Nashik, 4424, </td>
<td></td>
<td>2</td>
<td>netwin.WebMathNew.StudentPage@176b75f7</td></tr>
<tr>
<td title='netwin.WebMathNew.ContactPage.contact()'><b>contact</b><br>Test class: netwin.WebMathNew.ContactPage<br>Parameters: , , abc</td>
<td></td>
<td>2</td>
<td>netwin.WebMathNew.ContactPage@3b8f0a79</td></tr>
<tr>
<td title='netwin.WebMathNew.VolunteerPage.volunteer_training()'><b>volunteer_training</b><br>Test class: netwin.WebMathNew.VolunteerPage<br>Parameters: , abc#$gmail, 7676587</td>
<td></td>
<td>3</td>
<td>netwin.WebMathNew.VolunteerPage@6c0d7c83</td></tr>
<tr>
<td title='netwin.WebMathNew.ContactPage.contact()'><b>contact</b><br>Test class: netwin.WebMathNew.ContactPage<br>Parameters: ff, ret, 2@</td>
<td></td>
<td>2</td>
<td>netwin.WebMathNew.ContactPage@3b8f0a79</td></tr>
<tr>
<td title='netwin.WebMathNew.HomePage.courosal()'><b>courosal</b><br>Test class: netwin.WebMathNew.HomePage</td>
<td></td>
<td>0</td>
<td>netwin.WebMathNew.HomePage@16b2bb0c</td></tr>
<tr>
<td title='netwin.WebMathNew.ContactPage.contact()'><b>contact</b><br>Test class: netwin.WebMathNew.ContactPage<br>Parameters: Priya Gade, , hello</td>
<td></td>
<td>2</td>
<td>netwin.WebMathNew.ContactPage@3b8f0a79</td></tr>
<tr>
<td title='netwin.WebMathNew.VolunteerPage.want_to_be_vl()'><b>want_to_be_vl</b><br>Test class: netwin.WebMathNew.VolunteerPage<br>Parameters: Pritika, yeola, , 333, , , , , CPP, , , 34, </td>
<td></td>
<td>3</td>
<td>netwin.WebMathNew.VolunteerPage@6c0d7c83</td></tr>
<tr>
<td title='netwin.WebMathNew.VolunteerPage.want_to_be_vl()'><b>want_to_be_vl</b><br>Test class: netwin.WebMathNew.VolunteerPage<br>Parameters: , yeola, , 333, Automation tester, , , , C, pritika12@linkedin.com, , , 324</td>
<td></td>
<td>3</td>
<td>netwin.WebMathNew.VolunteerPage@6c0d7c83</td></tr>
<tr>
<td title='netwin.WebMathNew.SkillsForSucessPage.jobSearchResouces()'><b>jobSearchResouces</b><br>Test class: netwin.WebMathNew.SkillsForSucessPage</td>
<td></td>
<td>1</td>
<td>netwin.WebMathNew.SkillsForSucessPage@5965be2d</td></tr>
<tr>
<td title='netwin.WebMathNew.VolunteerPage.volunteer_training()'><b>volunteer_training</b><br>Test class: netwin.WebMathNew.VolunteerPage<br>Parameters: 123, 323, </td>
<td></td>
<td>3</td>
<td>netwin.WebMathNew.VolunteerPage@6c0d7c83</td></tr>
<tr>
<td title='netwin.WebMathNew.ContactPage.contact()'><b>contact</b><br>Test class: netwin.WebMathNew.ContactPage<br>Parameters: Pritika Somase, , </td>
<td></td>
<td>2</td>
<td>netwin.WebMathNew.ContactPage@3b8f0a79</td></tr>
<tr>
<td title='netwin.WebMathNew.VolunteerPage.volunteer_training()'><b>volunteer_training</b><br>Test class: netwin.WebMathNew.VolunteerPage<br>Parameters: 32, 32@gmail.com, </td>
<td></td>
<td>3</td>
<td>netwin.WebMathNew.VolunteerPage@6c0d7c83</td></tr>
<tr>
<td title='netwin.WebMathNew.HomePage.header2()'><b>header2</b><br>Test class: netwin.WebMathNew.HomePage</td>
<td></td>
<td>3</td>
<td>netwin.WebMathNew.HomePage@16b2bb0c</td></tr>
<tr>
<td title='netwin.WebMathNew.StudentPage.stud_find_tutor()'><b>stud_find_tutor</b><br>Test class: netwin.WebMathNew.StudentPage<br>Parameters: Shraddha, , , , </td>
<td></td>
<td>2</td>
<td>netwin.WebMathNew.StudentPage@176b75f7</td></tr>
<tr>
<td title='netwin.WebMathNew.HomePage.homeServices()'><b>homeServices</b><br>Test class: netwin.WebMathNew.HomePage</td>
<td></td>
<td>1</td>
<td>netwin.WebMathNew.HomePage@16b2bb0c</td></tr>
<tr>
<td title='netwin.WebMathNew.VolunteerPage.volunteer_training()'><b>volunteer_training</b><br>Test class: netwin.WebMathNew.VolunteerPage<br>Parameters: sdf43424, , 2342</td>
<td></td>
<td>3</td>
<td>netwin.WebMathNew.VolunteerPage@6c0d7c83</td></tr>
<tr>
<td title='netwin.WebMathNew.SkillsForSucessPage.digitalSkills()'><b>digitalSkills</b><br>Test class: netwin.WebMathNew.SkillsForSucessPage</td>
<td></td>
<td>1</td>
<td>netwin.WebMathNew.SkillsForSucessPage@5965be2d</td></tr>
<tr>
<td title='netwin.WebMathNew.EventPage.event()'><b>event</b><br>Test class: netwin.WebMathNew.EventPage</td>
<td></td>
<td>4</td>
<td>netwin.WebMathNew.EventPage@3e74829</td></tr>
<tr>
<td title='netwin.WebMathNew.HomePage.recentNews()'><b>recentNews</b><br>Test class: netwin.WebMathNew.HomePage</td>
<td></td>
<td>2</td>
<td>netwin.WebMathNew.HomePage@16b2bb0c</td></tr>
</table><p>
</body>
</html>