<?xml version="1.0" encoding="UTF-8"?>
<!-- Generated by org.testng.reporters.JUnitXMLReporter -->
<testsuite ignored="0" hostname="DESKTOP-LPFRVBE" failures="1" tests="13" name="Default test" time="187.456" errors="0" timestamp="2023-08-31T13:31:34 IST">
  <testcase classname="netwin.DataProvider.Login1" name="Login" time="4.274">
    <failure type="java.lang.IllegalArgumentException" message="Keys to send should be a not null CharSequence">
      <![CDATA[java.lang.IllegalArgumentException: Keys to send should be a not null CharSequence
at org.openqa.selenium.remote.RemoteWebElement.sendKeys(RemoteWebElement.java:98)
at netwin.DataProvider.Login1.Login(Login1.java:100)
at java.base/jdk.internal.reflect.NativeMethodAccessorImpl.invoke0(Native Method)
at java.base/jdk.internal.reflect.NativeMethodAccessorImpl.invoke(NativeMethodAccessorImpl.java:77)
at java.base/jdk.internal.reflect.DelegatingMethodAccessorImpl.invoke(DelegatingMethodAccessorImpl.java:43)
at java.base/java.lang.reflect.Method.invoke(Method.java:568)
at org.testng.internal.invokers.MethodInvocationHelper.invokeMethod(MethodInvocationHelper.java:136)
at org.testng.internal.invokers.TestInvoker.invokeMethod(TestInvoker.java:658)
at org.testng.internal.invokers.TestInvoker.invokeTestMethod(TestInvoker.java:219)
at org.testng.internal.invokers.MethodRunner.runInSequence(MethodRunner.java:50)
at org.testng.internal.invokers.TestInvoker$MethodInvocationAgent.invoke(TestInvoker.java:923)
at org.testng.internal.invokers.TestInvoker.invokeTestMethods(TestInvoker.java:192)
at org.testng.internal.invokers.TestMethodWorker.invokeTestMethods(TestMethodWorker.java:146)
at org.testng.internal.invokers.TestMethodWorker.run(TestMethodWorker.java:128)
at java.base/java.util.ArrayList.forEach(ArrayList.java:1511)
at org.testng.TestRunner.privateRun(TestRunner.java:808)
at org.testng.TestRunner.run(TestRunner.java:603)
at org.testng.SuiteRunner.runTest(SuiteRunner.java:429)
at org.testng.SuiteRunner.runSequentially(SuiteRunner.java:423)
at org.testng.SuiteRunner.privateRun(SuiteRunner.java:383)
at org.testng.SuiteRunner.run(SuiteRunner.java:326)
at org.testng.SuiteRunnerWorker.runSuite(SuiteRunnerWorker.java:52)
at org.testng.SuiteRunnerWorker.run(SuiteRunnerWorker.java:95)
at org.testng.TestNG.runSuitesSequentially(TestNG.java:1249)
at org.testng.TestNG.runSuitesLocally(TestNG.java:1169)
at org.testng.TestNG.runSuites(TestNG.java:1092)
at org.testng.TestNG.run(TestNG.java:1060)
at org.testng.remote.AbstractRemoteTestNG.run(AbstractRemoteTestNG.java:115)
at org.testng.remote.RemoteTestNG.initAndRun(RemoteTestNG.java:251)
at org.testng.remote.RemoteTestNG.main(RemoteTestNG.java:77)
]]>
    </failure>
  </testcase> <!-- Login -->
  <testcase classname="netwin.DataProvider.Login1" name="Login" time="5.549"/>
  <testcase classname="netwin.DataProvider.Login1" name="Login" time="5.759"/>
  <testcase classname="netwin.DataProvider.Login1" name="Login" time="10.711"/>
  <testcase classname="netwin.DataProvider.Login1" name="Login" time="4.314"/>
  <testcase classname="netwin.DataProvider.Login1" name="forgetPass" time="1.276"/>
  <testcase classname="netwin.DataProvider.Login1" name="resetbtn" time="1.625"/>
  <testcase classname="netwin.DataProvider.Login1" name="cancelbtn" time="2.408"/>
  <testcase classname="netwin.DataProvider.Login1" name="linkedInPage" time="0.756"/>
  <testcase classname="netwin.DataProvider.Login1" name="fackbookPage" time="0.486"/>
  <testcase classname="netwin.DataProvider.Login1" name="twiterPage" time="1.227"/>
  <testcase classname="netwin.DataProvider.Login1" name="youtubePage" time="0.481"/>
  <testcase classname="netwin.DataProvider.Login1" name="OrengeHRMPage" time="0.484"/>
</testsuite> <!-- Default test -->
