<?xml version="1.0" encoding="UTF-8"?>
<!-- Generated by org.testng.reporters.JUnitReportReporter -->
<testsuite hostname="DESKTOP-LPFRVBE" failures="0" tests="14" name="netwin.WebMathNew.ContactPage" time="202.259" errors="1" timestamp="2023-09-06T13:55:08 IST" skipped="0">
  <testcase classname="netwin.WebMathNew.ContactPage" name="contact" time="15.556"/>
  <system-out/>
  <testcase classname="netwin.WebMathNew.ContactPage" name="contact" time="14.595"/>
  <system-out/>
  <testcase classname="netwin.WebMathNew.ContactPage" name="contact" time="14.272"/>
  <system-out/>
  <testcase classname="netwin.WebMathNew.ContactPage" name="contact" time="14.013"/>
  <system-out/>
  <testcase classname="netwin.WebMathNew.ContactPage" name="contact" time="13.607">
    <error message="Keys to send should be a not null CharSequence" type="java.lang.IllegalArgumentException">
      <![CDATA[java.lang.IllegalArgumentException: Keys to send should be a not null CharSequence
at org.openqa.selenium.remote.RemoteWebElement.sendKeys(RemoteWebElement.java:98)
at netwin.WebMathNew.ContactPage.contact(ContactPage.java:48)
at java.base/jdk.internal.reflect.NativeMethodAccessorImpl.invoke0(Native Method)
at java.base/jdk.internal.reflect.NativeMethodAccessorImpl.invoke(NativeMethodAccessorImpl.java:77)
at java.base/jdk.internal.reflect.DelegatingMethodAccessorImpl.invoke(DelegatingMethodAccessorImpl.java:43)
at java.base/java.lang.reflect.Method.invoke(Method.java:568)
at org.testng.internal.invokers.MethodInvocationHelper.invokeMethod(MethodInvocationHelper.java:136)
at org.testng.internal.invokers.TestInvoker.invokeMethod(TestInvoker.java:658)
at org.testng.internal.invokers.TestInvoker.invokeTestMethod(TestInvoker.java:219)
at org.testng.internal.invokers.MethodRunner.runInSequence(MethodRunner.java:50)
at org.testng.internal.invokers.TestInvoker$MethodInvocationAgent.invoke(TestInvoker.java:923)
at org.testng.internal.invokers.TestInvoker.invokeTestMethods(TestInvoker.java:192)
at org.testng.internal.invokers.TestMethodWorker.invokeTestMethods(TestMethodWorker.java:146)
at org.testng.internal.invokers.TestMethodWorker.run(TestMethodWorker.java:128)
at java.base/java.util.ArrayList.forEach(ArrayList.java:1511)
at org.testng.TestRunner.privateRun(TestRunner.java:808)
at org.testng.TestRunner.run(TestRunner.java:603)
at org.testng.SuiteRunner.runTest(SuiteRunner.java:429)
at org.testng.SuiteRunner.runSequentially(SuiteRunner.java:423)
at org.testng.SuiteRunner.privateRun(SuiteRunner.java:383)
at org.testng.SuiteRunner.run(SuiteRunner.java:326)
at org.testng.SuiteRunnerWorker.runSuite(SuiteRunnerWorker.java:52)
at org.testng.SuiteRunnerWorker.run(SuiteRunnerWorker.java:95)
at org.testng.TestNG.runSuitesSequentially(TestNG.java:1249)
at org.testng.TestNG.runSuitesLocally(TestNG.java:1169)
at org.testng.TestNG.runSuites(TestNG.java:1092)
at org.testng.TestNG.run(TestNG.java:1060)
at org.testng.remote.AbstractRemoteTestNG.run(AbstractRemoteTestNG.java:115)
at org.testng.remote.RemoteTestNG.initAndRun(RemoteTestNG.java:251)
at org.testng.remote.RemoteTestNG.main(RemoteTestNG.java:77)
]]>
    </error>
  </testcase> <!-- contact -->
  <system-out/>
  <testcase classname="netwin.WebMathNew.ContactPage" name="contact" time="13.841"/>
  <system-out/>
  <testcase classname="netwin.WebMathNew.ContactPage" name="contact" time="14.286"/>
  <system-out/>
  <testcase classname="netwin.WebMathNew.ContactPage" name="contact" time="14.483"/>
  <system-out/>
  <testcase classname="netwin.WebMathNew.ContactPage" name="contact" time="14.382"/>
  <system-out/>
  <testcase classname="netwin.WebMathNew.ContactPage" name="contact" time="14.965"/>
  <system-out/>
  <testcase classname="netwin.WebMathNew.ContactPage" name="contact" time="14.579"/>
  <system-out/>
  <testcase classname="netwin.WebMathNew.ContactPage" name="contact" time="14.291"/>
  <system-out/>
  <testcase classname="netwin.WebMathNew.ContactPage" name="contact" time="14.702"/>
  <system-out/>
  <testcase classname="netwin.WebMathNew.ContactPage" name="contact" time="14.687"/>
  <system-out/>
</testsuite> <!-- netwin.WebMathNew.ContactPage -->
